Unity Editor version:    2020.3.28f1 (f5400f52e03f)
Branch:                  2020.3/staging
Build type:              Release
Batch mode:              YES
macOS version:           Version 13.1 (Build 22C65)
Darwin version:          22.2.0
Architecture:            x86_64
Running under Rosetta:   YES
Available memory:        16384 MB
Using pre-set license
Pro License: NO

COMMAND LINE ARGUMENTS:
/Applications/Unity/Hub/Editor/2020.3.28f1/Unity.app/Contents/MacOS/Unity
-adb2
-batchMode
-noUpm
-name
AssetImportWorker0
-projectPath
/Users/ldy/Desktop/UX Final/Unity Project/UX Final
-logFile
Logs/AssetImportWorker0.log
-srvPort
49230
Successfully changed project path to: /Users/ldy/Desktop/UX Final/Unity Project/UX Final
/Users/ldy/Desktop/UX Final/Unity Project/UX Final
Using Asset Import Pipeline V2.
Refreshing native plugins compatible for Editor in 59.70 ms, found 3 plugins.
Preloading 1 native plugins for Editor in 7.25 ms.
Initialize engine version: 2020.3.28f1 (f5400f52e03f)
[Subsystems] Discovering subsystems at path /Applications/Unity/Hub/Editor/2020.3.28f1/Unity.app/Contents/Resources/UnitySubsystems
[Subsystems] Discovering subsystems at path /Users/ldy/Desktop/UX Final/Unity Project/UX Final/Assets
GfxDevice: creating device client; threaded=0
2023-05-04 13:57:58.101 Unity[8259:9850950] (null) preferred device: Apple M1 (high power)
2023-05-04 13:57:58.101 Unity[8259:9850950] Metal devices available: 1
2023-05-04 13:57:58.101 Unity[8259:9850950] 0: Apple M1 (high power)
2023-05-04 13:57:58.101 Unity[8259:9850950] Using device Apple M1 (high power)
Initializing Metal device caps: Apple M1
Initialize mono
Mono path[0] = '/Applications/Unity/Hub/Editor/2020.3.28f1/Unity.app/Contents/Managed'
Mono path[1] = '/Applications/Unity/Hub/Editor/2020.3.28f1/Unity.app/Contents/MonoBleedingEdge/lib/mono/unityjit'
Mono config path = '/Applications/Unity/Hub/Editor/2020.3.28f1/Unity.app/Contents/MonoBleedingEdge/etc'
Using monoOptions --debugger-agent=transport=dt_socket,embedding=1,server=y,suspend=n,address=127.0.0.1:56259
Begin MonoManager ReloadAssembly
Registering precompiled unity dll's ...
Register platform support module: /Applications/Unity/Hub/Editor/2020.3.28f1/PlaybackEngines/WebGLSupport/UnityEditor.WebGL.Extensions.dll
Register platform support module: /Applications/Unity/Hub/Editor/2020.3.28f1/Unity.app/Contents/PlaybackEngines/MacStandaloneSupport/UnityEditor.OSXStandalone.Extensions.dll
Registered in 0.001722 seconds.
Native extension for OSXStandalone target not found
Native extension for WebGL target not found
Refreshing native plugins compatible for Editor in 52.38 ms, found 3 plugins.
Preloading 1 native plugins for Editor in 0.34 ms.
Mono: successfully reloaded assembly
- Completed reload, in  1.372 seconds
Domain Reload Profiling:
	ReloadAssembly (1372ms)
		BeginReloadAssembly (101ms)
			ExecutionOrderSort (0ms)
			DisableScriptedObjects (0ms)
			BackupInstance (0ms)
			ReleaseScriptingObjects (0ms)
			CreateAndSetChildDomain (2ms)
		EndReloadAssembly (1160ms)
			LoadAssemblies (99ms)
			RebuildTransferFunctionScriptingTraits (0ms)
			SetupTypeCache (154ms)
			ReleaseScriptCaches (0ms)
			RebuildScriptCaches (35ms)
			SetupLoadedEditorAssemblies (622ms)
				LogAssemblyErrors (0ms)
				InitializePlatformSupportModulesInManaged (15ms)
				SetLoadedEditorAssemblies (1ms)
				RefreshPlugins (53ms)
				BeforeProcessingInitializeOnLoad (30ms)
				ProcessInitializeOnLoadAttributes (399ms)
				ProcessInitializeOnLoadMethodAttributes (123ms)
				AfterProcessingInitializeOnLoad (0ms)
				EditorAssembliesLoaded (1ms)
			ExecutionOrderSort2 (0ms)
			AwakeInstancesAfterBackupRestoration (0ms)
Platform modules already initialized, skipping
Registering precompiled user dll's ...
Registered in 0.004715 seconds.
Begin MonoManager ReloadAssembly
Native extension for OSXStandalone target not found
Native extension for WebGL target not found
Refreshing native plugins compatible for Editor in 54.79 ms, found 3 plugins.
Preloading 1 native plugins for Editor in 0.31 ms.
Mono: successfully reloaded assembly
- Completed reload, in  2.730 seconds
Domain Reload Profiling:
	ReloadAssembly (2733ms)
		BeginReloadAssembly (242ms)
			ExecutionOrderSort (0ms)
			DisableScriptedObjects (34ms)
			BackupInstance (0ms)
			ReleaseScriptingObjects (0ms)
			CreateAndSetChildDomain (25ms)
		EndReloadAssembly (2399ms)
			LoadAssemblies (233ms)
			RebuildTransferFunctionScriptingTraits (0ms)
			SetupTypeCache (320ms)
			ReleaseScriptCaches (1ms)
			RebuildScriptCaches (70ms)
			SetupLoadedEditorAssemblies (1391ms)
				LogAssemblyErrors (0ms)
				InitializePlatformSupportModulesInManaged (14ms)
				SetLoadedEditorAssemblies (1ms)
				RefreshPlugins (55ms)
				BeforeProcessingInitializeOnLoad (159ms)
				ProcessInitializeOnLoadAttributes (1111ms)
				ProcessInitializeOnLoadMethodAttributes (50ms)
				AfterProcessingInitializeOnLoad (1ms)
				EditorAssembliesLoaded (1ms)
			ExecutionOrderSort2 (0ms)
			AwakeInstancesAfterBackupRestoration (32ms)
Platform modules already initialized, skipping
Validating Project structure ... 0.012403 seconds.
Shader import version has changed; will reimport all shaders...
Upgrading shader files ...0.015903 seconds.
Application.AssetDatabase Initial Script Refresh Start
RefreshInfo: InitialScriptRefreshV2(NoUpdateAssetOptions) scanfilter:  ... 1 filters
RefreshProfiler: Total: 0.000ms
Application.AssetDatabase Initial Script Refresh End
Application.AssetDatabase.Refresh Start
Application.AssetDatabase.Refresh End
RefreshInfo: StopAssetImportingV2(ForceSynchronousImport) scanfilter: 
RefreshProfiler: Total: 0.000ms
Launching external process: /Applications/Unity/Hub/Editor/2020.3.28f1/Unity.app/Contents/Tools/UnityShaderCompiler
Launched and connected shader compiler UnityShaderCompiler after 0.04 seconds
Initializing Unity extensions:
2023-05-04 13:58:04.666 Unity[8259:9850950] NSEventModifierFlagFunction specified to -setKeyEquivalentModifierMask: for item <NSMenuItem: 0x60000047aed0 Font Asset, ke='Command-F12'>, but is only supported for system-provided menu items; will not be used
2023-05-04 13:58:04.670 Unity[8259:9850950] NSEventModifierFlagFunction specified to -setKeyEquivalentModifierMask: for item <NSMenuItem: 0x60000047ad10 Font Asset, ke='Command-F12'>, but is only supported for system-provided menu items; will not be used
========================================================================
Worker process is ready to serve import requests
Refreshing native plugins compatible for Editor in 0.64 ms, found 3 plugins.
Preloading 1 native plugins for Editor in 0.31 ms.
Unloading 2644 Unused Serialized files (Serialized files now loaded: 0)
System memory in use before: 113.7 MB.
System memory in use after: 113.1 MB.

Unloading 219 unused Assets to reduce memory usage. Loaded Objects now: 3128.
Total: 2.971667 ms (FindLiveObjects: 0.172083 ms CreateObjectMapping: 0.061833 ms MarkObjects: 2.285042 ms  DeleteObjects: 0.451833 ms)

AssetImportParameters requested are different than current active one (requested -> active):
  custom:video-decoder-ogg-theora: a1e56fd34408186e4bbccfd4996cb3dc -> 
  custom:container-muxer-webm: aa71ff27fc2769a1b78a27578f13a17b -> 
  custom:container-demuxer-webm: 4f35f7cbe854078d1ac9338744f61a02 -> 
  custom:container-demuxer-ogg: 62fdf1f143b41e24485cea50d1cbac27 -> 
  custom:video-encoder-webm-vp8: eb34c28f22e8b96e1ab97ce403110664 -> 
  custom:framework-osx-AVFoundation: e770b220cccbd017edd2c1fefb359320 -> 
  custom:video-decoder-webm-vp8: 9c59270c3fd7afecdb556c50c9e8de78 -> 
  custom:audio-decoder-ogg-vorbis: bf7c407c2cedff20999df2af8eb42d56 -> 
  custom:audio-encoder-webm-vorbis: bf7c407c2cedff20999df2af8eb42d56 -> 
========================================================================
Received Import Request.
  path: Assets/recenter.unity
  artifactKey: Guid(6b94e1b28955f44418ac092c5b413351) Importer(815301076,1909f56bfc062723c751e8b465ee728b)
Start importing Assets/recenter.unity using Guid(6b94e1b28955f44418ac092c5b413351) Importer(815301076,1909f56bfc062723c751e8b465ee728b)  -> (artifact id: '51a4a455bc5a1375186370dc0784ff58') in 0.024497 seconds 
  Import took 0.028647 seconds .

========================================================================
Received Prepare
Refreshing native plugins compatible for Editor in 4.37 ms, found 3 plugins.
Preloading 1 native plugins for Editor in 0.78 ms.
Unloading 14 Unused Serialized files (Serialized files now loaded: 0)
System memory in use before: 58.7 MB.
System memory in use after: 59.0 MB.

Unloading 14 unused Assets to reduce memory usage. Loaded Objects now: 3128.
Total: 9.943584 ms (FindLiveObjects: 0.435125 ms CreateObjectMapping: 0.080958 ms MarkObjects: 9.393750 ms  DeleteObjects: 0.032709 ms)

AssetImportParameters requested are different than current active one (requested -> active):
  custom:video-decoder-ogg-theora: a1e56fd34408186e4bbccfd4996cb3dc -> 
  custom:container-muxer-webm: aa71ff27fc2769a1b78a27578f13a17b -> 
  custom:container-demuxer-webm: 4f35f7cbe854078d1ac9338744f61a02 -> 
  custom:container-demuxer-ogg: 62fdf1f143b41e24485cea50d1cbac27 -> 
  custom:video-encoder-webm-vp8: eb34c28f22e8b96e1ab97ce403110664 -> 
  custom:framework-osx-AVFoundation: e770b220cccbd017edd2c1fefb359320 -> 
  custom:video-decoder-webm-vp8: 9c59270c3fd7afecdb556c50c9e8de78 -> 
  custom:audio-decoder-ogg-vorbis: bf7c407c2cedff20999df2af8eb42d56 -> 
  custom:audio-encoder-webm-vorbis: bf7c407c2cedff20999df2af8eb42d56 -> 
========================================================================
Received Prepare
Refreshing native plugins compatible for Editor in 4.15 ms, found 3 plugins.
Preloading 1 native plugins for Editor in 0.60 ms.
Unloading 14 Unused Serialized files (Serialized files now loaded: 0)
System memory in use before: 57.4 MB.
System memory in use after: 57.6 MB.

Unloading 14 unused Assets to reduce memory usage. Loaded Objects now: 3128.
Total: 9.425708 ms (FindLiveObjects: 0.317459 ms CreateObjectMapping: 0.063459 ms MarkObjects: 9.012750 ms  DeleteObjects: 0.030958 ms)

AssetImportParameters requested are different than current active one (requested -> active):
  custom:video-decoder-ogg-theora: a1e56fd34408186e4bbccfd4996cb3dc -> 
  custom:container-muxer-webm: aa71ff27fc2769a1b78a27578f13a17b -> 
  custom:container-demuxer-webm: 4f35f7cbe854078d1ac9338744f61a02 -> 
  custom:container-demuxer-ogg: 62fdf1f143b41e24485cea50d1cbac27 -> 
  custom:video-encoder-webm-vp8: eb34c28f22e8b96e1ab97ce403110664 -> 
  custom:framework-osx-AVFoundation: e770b220cccbd017edd2c1fefb359320 -> 
  custom:video-decoder-webm-vp8: 9c59270c3fd7afecdb556c50c9e8de78 -> 
  custom:audio-decoder-ogg-vorbis: bf7c407c2cedff20999df2af8eb42d56 -> 
  custom:audio-encoder-webm-vorbis: bf7c407c2cedff20999df2af8eb42d56 -> 
========================================================================
Received Import Request.
  Time since last request: 1921.657602 seconds.
  path: Assets/Audio/Deuter - Sea & Silence.mp3
  artifactKey: Guid(027e95b438a194c57bb46515e32900e9) Importer(815301076,1909f56bfc062723c751e8b465ee728b)
Start importing Assets/Audio/Deuter - Sea & Silence.mp3 using Guid(027e95b438a194c57bb46515e32900e9) Importer(815301076,1909f56bfc062723c751e8b465ee728b)  -> (artifact id: '09a14a389ec32a0384cab37609467551') in 1.044066 seconds 
  Import took 1.060866 seconds .

========================================================================
Received Import Request.
  Time since last request: 0.000588 seconds.
  path: Assets/Audio/New York Trio - Smoke Gets In Your Eyes.mp3
  artifactKey: Guid(9742ae0fc965e42de9f9f3fa6d675f25) Importer(815301076,1909f56bfc062723c751e8b465ee728b)
Start importing Assets/Audio/New York Trio - Smoke Gets In Your Eyes.mp3 using Guid(9742ae0fc965e42de9f9f3fa6d675f25) Importer(815301076,1909f56bfc062723c751e8b465ee728b)  -> (artifact id: '3ab0142a09bf7b4e92f837fe132f027a') in 0.016772 seconds 
  Import took 0.022220 seconds .

========================================================================
Received Import Request.
  Time since last request: 0.000372 seconds.
  path: Assets/Audio/N.K.杨凯 - 盛夏之雨.mp3
  artifactKey: Guid(adad4d49098b34becb74a5004ce892de) Importer(815301076,1909f56bfc062723c751e8b465ee728b)
Start importing Assets/Audio/N.K.杨凯 - 盛夏之雨.mp3 using Guid(adad4d49098b34becb74a5004ce892de) Importer(815301076,1909f56bfc062723c751e8b465ee728b)  -> (artifact id: 'bfa217a65b0261da25817b399bf5c40a') in 0.012025 seconds 
  Import took 0.018928 seconds .

========================================================================
Received Import Request.
  Time since last request: 0.007330 seconds.
  path: Assets/Audio/Dusko Goykovich - Ballad For Belgrade.mp3
  artifactKey: Guid(efd8a6d1b171c481086145f3b0f4b7ca) Importer(815301076,1909f56bfc062723c751e8b465ee728b)
Start importing Assets/Audio/Dusko Goykovich - Ballad For Belgrade.mp3 using Guid(efd8a6d1b171c481086145f3b0f4b7ca) Importer(815301076,1909f56bfc062723c751e8b465ee728b)  -> (artifact id: '9c9de3e7c82825ec0902a552d52cedd8') in 0.011683 seconds 
  Import took 0.020276 seconds .

========================================================================
Received Import Request.
  Time since last request: 0.000346 seconds.
  path: Assets/Audio/Lagoon West - Source To Sea.mp3
  artifactKey: Guid(f25608732adf440918e68348500fdd3d) Importer(815301076,1909f56bfc062723c751e8b465ee728b)
Start importing Assets/Audio/Lagoon West - Source To Sea.mp3 using Guid(f25608732adf440918e68348500fdd3d) Importer(815301076,1909f56bfc062723c751e8b465ee728b)  -> (artifact id: '7975a02fec61ddab3f015b1f10b1857a') in 0.011468 seconds 
  Import took 0.017308 seconds .

========================================================================
Received Import Request.
  Time since last request: 0.000231 seconds.
  path: Assets/Audio/牛天宇 Daniel Niu - I Stepped Into a Dream.mp3
  artifactKey: Guid(d7c5660634cbb404394a366a00f29f85) Importer(815301076,1909f56bfc062723c751e8b465ee728b)
Start importing Assets/Audio/牛天宇 Daniel Niu - I Stepped Into a Dream.mp3 using Guid(d7c5660634cbb404394a366a00f29f85) Importer(815301076,1909f56bfc062723c751e8b465ee728b)  -> (artifact id: '6bad99242f399baa74a977fcd6d4f590') in 0.011035 seconds 
  Import took 0.017109 seconds .

